TN:
SF:controllers/account.js
FN:8,(anonymous_0)
FN:15,(anonymous_1)
FN:16,(anonymous_2)
FN:17,(anonymous_3)
FN:21,(anonymous_4)
FN:22,(anonymous_5)
FN:32,(anonymous_6)
FN:39,(anonymous_7)
FN:46,(anonymous_8)
FN:53,(anonymous_9)
FN:61,(anonymous_10)
FN:69,(anonymous_11)
FN:95,(anonymous_12)
FN:109,(anonymous_13)
FN:114,(anonymous_14)
FN:140,(anonymous_15)
FN:182,(anonymous_16)
FN:193,(anonymous_17)
FN:211,(anonymous_18)
FNF:19
FNH:6
FNDA:3,(anonymous_0)
FNDA:0,(anonymous_1)
FNDA:0,(anonymous_2)
FNDA:0,(anonymous_3)
FNDA:0,(anonymous_4)
FNDA:0,(anonymous_5)
FNDA:0,(anonymous_6)
FNDA:0,(anonymous_7)
FNDA:0,(anonymous_8)
FNDA:0,(anonymous_9)
FNDA:0,(anonymous_10)
FNDA:0,(anonymous_11)
FNDA:2,(anonymous_12)
FNDA:0,(anonymous_13)
FNDA:5,(anonymous_14)
FNDA:3,(anonymous_15)
FNDA:1,(anonymous_16)
FNDA:2,(anonymous_17)
FNDA:0,(anonymous_18)
DA:1,2
DA:2,2
DA:3,2
DA:4,2
DA:5,2
DA:6,2
DA:7,2
DA:8,2
DA:9,3
DA:11,3
DA:13,3
DA:14,3
DA:15,2
DA:16,2
DA:17,0
DA:18,0
DA:21,2
DA:22,0
DA:23,0
DA:28,2
DA:29,2
DA:30,0
DA:31,0
DA:33,0
DA:37,0
DA:38,0
DA:40,0
DA:44,0
DA:45,0
DA:47,0
DA:51,0
DA:52,0
DA:54,0
DA:60,2
DA:62,0
DA:67,2
DA:68,2
DA:70,0
DA:72,2
DA:73,2
DA:75,2
DA:90,1
DA:91,1
DA:95,2
DA:96,2
DA:97,2
DA:98,2
DA:99,2
DA:100,2
DA:107,0
DA:108,0
DA:109,0
DA:110,0
DA:114,2
DA:115,5
DA:116,5
DA:117,5
DA:119,5
DA:120,4
DA:121,2
DA:125,2
DA:128,1
DA:129,1
DA:131,2
DA:140,2
DA:141,3
DA:143,3
DA:144,3
DA:146,3
DA:150,3
DA:151,1
DA:152,1
DA:161,2
DA:162,1
DA:166,1
DA:168,1
DA:175,1
DA:177,1
DA:178,1
DA:182,2
DA:183,1
DA:185,1
DA:193,2
DA:194,2
DA:196,2
DA:198,1
DA:199,1
DA:201,1
DA:207,1
DA:209,1
DA:210,1
DA:211,1
DA:213,1
LF:93
LH:71
BRDA:29,0,0,0
BRDA:29,0,1,2
BRDA:30,1,0,0
BRDA:30,1,1,0
BRDA:33,2,0,0
BRDA:33,2,1,0
BRDA:33,2,2,0
BRDA:33,2,3,0
BRDA:37,3,0,0
BRDA:37,3,1,0
BRDA:40,4,0,0
BRDA:40,4,1,0
BRDA:40,4,2,0
BRDA:40,4,3,0
BRDA:44,5,0,0
BRDA:44,5,1,0
BRDA:47,6,0,0
BRDA:47,6,1,0
BRDA:47,6,2,0
BRDA:47,6,3,0
BRDA:51,7,0,0
BRDA:51,7,1,0
BRDA:54,8,0,0
BRDA:54,8,1,0
BRDA:54,8,2,0
BRDA:54,8,3,0
BRDA:62,9,0,0
BRDA:62,9,1,0
BRDA:70,10,0,0
BRDA:70,10,1,0
BRDA:98,11,0,2
BRDA:98,11,1,0
BRDA:98,12,0,2
BRDA:98,12,1,1
BRDA:119,13,0,4
BRDA:119,13,1,1
BRDA:119,14,0,5
BRDA:119,14,1,4
BRDA:120,15,0,2
BRDA:120,15,1,2
BRDA:150,16,0,1
BRDA:150,16,1,2
BRDA:161,17,0,1
BRDA:161,17,1,1
BRDA:196,18,0,1
BRDA:196,18,1,1
BRF:46
BRH:16
end_of_record
TN:
SF:models/application.js
FNF:0
FNH:0
DA:1,2
DA:2,2
DA:3,2
DA:4,2
DA:5,2
DA:24,2
DA:26,2
LF:7
LH:7
BRF:0
BRH:0
end_of_record
TN:
SF:models/listing.js
FNF:0
FNH:0
DA:1,2
DA:2,2
DA:52,2
DA:54,2
LF:4
LH:4
BRF:0
BRH:0
end_of_record
TN:
SF:models/query.js
FNF:0
FNH:0
DA:1,2
DA:2,2
DA:3,2
DA:15,2
DA:17,2
LF:5
LH:5
BRF:0
BRH:0
end_of_record
TN:
SF:models/recruiter.js
FNF:0
FNH:0
DA:1,2
DA:2,2
DA:3,2
DA:4,2
DA:159,2
DA:161,2
LF:6
LH:6
BRF:0
BRH:0
end_of_record
TN:
SF:models/student.js
FNF:0
FNH:0
DA:1,2
DA:2,2
DA:3,2
DA:4,2
DA:253,2
DA:254,2
DA:256,2
LF:7
LH:7
BRF:0
BRH:0
end_of_record
TN:
SF:models/update.js
FNF:0
FNH:0
DA:1,2
DA:2,2
DA:15,2
DA:17,2
LF:4
LH:4
BRF:0
BRH:0
end_of_record
